TN:
SF:/Users/andeladeveloper/Documents/Code/bc-24-postit/webpack.config.js
FNF:0
FNH:0
DA:1,1
DA:2,1
DA:4,1
LF:3
LH:3
BRF:0
BRH:0
end_of_record
TN:
SF:/Users/andeladeveloper/Documents/Code/bc-24-postit/server/app.js
FN:61,(anonymous_1)
FN:64,(anonymous_2)
FN:68,(anonymous_3)
FNF:3
FNH:0
FNDA:0,(anonymous_1)
FNDA:0,(anonymous_2)
FNDA:0,(anonymous_3)
DA:1,1
DA:2,1
DA:3,1
DA:4,1
DA:5,1
DA:6,1
DA:7,1
DA:8,1
DA:9,1
DA:10,1
DA:11,1
DA:14,1
DA:16,1
DA:18,1
DA:20,1
DA:21,1
DA:22,1
DA:28,1
DA:34,1
DA:37,1
DA:38,1
DA:42,1
DA:45,1
DA:51,1
DA:53,1
DA:54,1
DA:56,1
DA:59,1
DA:61,1
DA:64,1
DA:68,1
DA:69,0
LF:32
LH:31
BRDA:18,0,0,1
BRDA:18,0,1,0
BRDA:20,1,0,1
BRDA:20,1,1,0
BRF:4
BRH:2
end_of_record
TN:
SF:/Users/andeladeveloper/Documents/Code/bc-24-postit/server/config/config.js
FNF:0
FNH:0
DA:1,1
LF:1
LH:1
BRF:0
BRH:0
end_of_record
TN:
SF:/Users/andeladeveloper/Documents/Code/bc-24-postit/server/config/nodemailer.js
FN:19,helperOptions
FNF:1
FNH:0
FNDA:0,helperOptions
DA:1,1
DA:2,1
DA:4,1
DA:6,1
DA:19,1
DA:20,0
LF:6
LH:5
BRF:0
BRH:0
end_of_record
TN:
SF:/Users/andeladeveloper/Documents/Code/bc-24-postit/server/controllers/groups.js
FN:5,createGroup
FN:24,(anonymous_1)
FN:25,(anonymous_2)
FN:31,(anonymous_3)
FN:35,(anonymous_4)
FN:39,addUserToGroup
FN:44,(anonymous_6)
FN:56,(anonymous_7)
FN:62,(anonymous_8)
FN:82,(anonymous_9)
FN:86,removeUserFromGroup
FN:87,(anonymous_11)
FN:96,leaveGroup
FN:97,(anonymous_13)
FN:98,(anonymous_14)
FN:101,(anonymous_15)
FN:105,(anonymous_16)
FN:110,(anonymous_17)
FN:111,(anonymous_18)
FN:116,getGroupUsers
FN:118,(anonymous_20)
FN:124,(anonymous_21)
FN:127,(anonymous_22)
FN:132,searchNonMembers
FN:154,(anonymous_24)
FN:155,(anonymous_25)
FN:156,(anonymous_26)
FN:158,(anonymous_27)
FN:161,(anonymous_28)
FN:167,(anonymous_29)
FN:172,sendMessageToGroup
FN:184,(anonymous_31)
FN:195,(anonymous_32)
FN:201,(anonymous_33)
FN:210,(anonymous_34)
FN:229,(anonymous_35)
FN:233,(anonymous_36)
FN:236,getGroupMessages
FN:243,(anonymous_38)
FN:244,(anonymous_39)
FN:247,markAsRead
FN:251,(anonymous_41)
FN:258,(anonymous_42)
FN:259,(anonymous_43)
FN:266,renameGroup
FN:273,(anonymous_45)
FN:275,(anonymous_46)
FN:278,(anonymous_47)
FN:291,changeGroupType
FN:301,(anonymous_49)
FN:308,(anonymous_50)
FN:311,(anonymous_51)
FN:324,changeGroupDescription
FN:335,(anonymous_53)
FN:337,(anonymous_54)
FN:340,(anonymous_55)
FN:353,deleteGroup
FN:354,(anonymous_57)
FN:360,(anonymous_58)
FN:363,(anonymous_59)
FNF:60
FNH:0
FNDA:0,createGroup
FNDA:0,(anonymous_1)
FNDA:0,(anonymous_2)
FNDA:0,(anonymous_3)
FNDA:0,(anonymous_4)
FNDA:0,addUserToGroup
FNDA:0,(anonymous_6)
FNDA:0,(anonymous_7)
FNDA:0,(anonymous_8)
FNDA:0,(anonymous_9)
FNDA:0,removeUserFromGroup
FNDA:0,(anonymous_11)
FNDA:0,leaveGroup
FNDA:0,(anonymous_13)
FNDA:0,(anonymous_14)
FNDA:0,(anonymous_15)
FNDA:0,(anonymous_16)
FNDA:0,(anonymous_17)
FNDA:0,(anonymous_18)
FNDA:0,getGroupUsers
FNDA:0,(anonymous_20)
FNDA:0,(anonymous_21)
FNDA:0,(anonymous_22)
FNDA:0,searchNonMembers
FNDA:0,(anonymous_24)
FNDA:0,(anonymous_25)
FNDA:0,(anonymous_26)
FNDA:0,(anonymous_27)
FNDA:0,(anonymous_28)
FNDA:0,(anonymous_29)
FNDA:0,sendMessageToGroup
FNDA:0,(anonymous_31)
FNDA:0,(anonymous_32)
FNDA:0,(anonymous_33)
FNDA:0,(anonymous_34)
FNDA:0,(anonymous_35)
FNDA:0,(anonymous_36)
FNDA:0,getGroupMessages
FNDA:0,(anonymous_38)
FNDA:0,(anonymous_39)
FNDA:0,markAsRead
FNDA:0,(anonymous_41)
FNDA:0,(anonymous_42)
FNDA:0,(anonymous_43)
FNDA:0,renameGroup
FNDA:0,(anonymous_45)
FNDA:0,(anonymous_46)
FNDA:0,(anonymous_47)
FNDA:0,changeGroupType
FNDA:0,(anonymous_49)
FNDA:0,(anonymous_50)
FNDA:0,(anonymous_51)
FNDA:0,changeGroupDescription
FNDA:0,(anonymous_53)
FNDA:0,(anonymous_54)
FNDA:0,(anonymous_55)
FNDA:0,deleteGroup
FNDA:0,(anonymous_57)
FNDA:0,(anonymous_58)
FNDA:0,(anonymous_59)
DA:1,1
DA:2,1
DA:5,1
DA:6,0
DA:7,0
DA:8,0
DA:9,0
DA:10,0
DA:11,0
DA:15,0
DA:16,0
DA:18,0
DA:25,0
DA:26,0
DA:27,0
DA:31,0
DA:35,0
DA:39,1
DA:41,0
DA:43,0
DA:44,0
DA:45,0
DA:46,0
DA:51,0
DA:57,0
DA:58,0
DA:62,0
DA:63,0
DA:64,0
DA:65,0
DA:69,0
DA:70,0
DA:78,0
DA:82,0
DA:86,1
DA:87,0
DA:88,0
DA:89,0
DA:96,1
DA:97,0
DA:98,0
DA:99,0
DA:100,0
DA:101,0
DA:105,0
DA:110,0
DA:111,0
DA:116,1
DA:117,0
DA:118,0
DA:119,0
DA:120,0
DA:124,0
DA:127,0
DA:132,1
DA:133,0
DA:134,0
DA:135,0
DA:136,0
DA:137,0
DA:139,0
DA:146,0
DA:147,0
DA:150,0
DA:151,0
DA:154,0
DA:155,0
DA:156,0
DA:159,0
DA:160,0
DA:161,0
DA:167,0
DA:172,1
DA:173,0
DA:174,0
DA:175,0
DA:176,0
DA:180,0
DA:181,0
DA:183,0
DA:184,0
DA:185,0
DA:186,0
DA:190,0
DA:196,0
DA:197,0
DA:198,0
DA:201,0
DA:202,0
DA:203,0
DA:208,0
DA:209,0
DA:211,0
DA:212,0
DA:214,0
DA:218,0
DA:219,0
DA:228,0
DA:229,0
DA:233,0
DA:236,1
DA:237,0
DA:238,0
DA:239,0
DA:243,0
DA:244,0
DA:247,1
DA:248,0
DA:249,0
DA:250,0
DA:252,0
DA:253,0
DA:255,0
DA:258,0
DA:259,0
DA:261,0
DA:266,1
DA:267,0
DA:268,0
DA:269,0
DA:273,0
DA:274,0
DA:275,0
DA:279,0
DA:280,0
DA:284,0
DA:291,1
DA:292,0
DA:293,0
DA:297,0
DA:298,0
DA:299,0
DA:301,0
DA:302,0
DA:303,0
DA:307,0
DA:308,0
DA:312,0
DA:313,0
DA:317,0
DA:324,1
DA:325,0
DA:326,0
DA:327,0
DA:330,0
DA:331,0
DA:335,0
DA:336,0
DA:337,0
DA:341,0
DA:342,0
DA:346,0
DA:353,1
DA:354,0
DA:355,0
DA:356,0
DA:360,0
DA:363,0
LF:158
LH:15
BRDA:10,0,0,0
BRDA:10,0,1,0
BRDA:15,1,0,0
BRDA:15,1,1,0
BRDA:15,2,0,0
BRDA:15,2,1,0
BRDA:45,3,0,0
BRDA:45,3,1,0
BRDA:57,4,0,0
BRDA:57,4,1,0
BRDA:64,5,0,0
BRDA:64,5,1,0
BRDA:88,6,0,0
BRDA:88,6,1,0
BRDA:99,7,0,0
BRDA:99,7,1,0
BRDA:119,8,0,0
BRDA:119,8,1,0
BRDA:136,9,0,0
BRDA:136,9,1,0
BRDA:146,10,0,0
BRDA:146,10,1,0
BRDA:146,11,0,0
BRDA:146,11,1,0
BRDA:150,12,0,0
BRDA:150,12,1,0
BRDA:150,13,0,0
BRDA:150,13,1,0
BRDA:175,14,0,0
BRDA:175,14,1,0
BRDA:180,15,0,0
BRDA:180,15,1,0
BRDA:185,16,0,0
BRDA:185,16,1,0
BRDA:208,17,0,0
BRDA:208,17,1,0
BRDA:208,18,0,0
BRDA:208,18,1,0
BRDA:208,18,2,0
BRDA:211,19,0,0
BRDA:211,19,1,0
BRDA:253,20,0,0
BRDA:253,20,1,0
BRDA:253,21,0,0
BRDA:253,21,1,0
BRDA:253,21,2,0
BRDA:268,22,0,0
BRDA:268,22,1,0
BRDA:279,23,0,0
BRDA:279,23,1,0
BRDA:292,24,0,0
BRDA:292,24,1,0
BRDA:298,25,0,0
BRDA:298,25,1,0
BRDA:302,26,0,0
BRDA:302,26,1,0
BRDA:312,27,0,0
BRDA:312,27,1,0
BRDA:326,28,0,0
BRDA:326,28,1,0
BRDA:330,29,0,0
BRDA:330,29,1,0
BRDA:341,30,0,0
BRDA:341,30,1,0
BRDA:355,31,0,0
BRDA:355,31,1,0
BRF:66
BRH:0
end_of_record
TN:
SF:/Users/andeladeveloper/Documents/Code/bc-24-postit/server/controllers/users.js
FN:7,signup
FN:15,(anonymous_3)
FN:22,(anonymous_4)
FN:26,signin
FN:39,(anonymous_6)
FN:56,(anonymous_7)
FN:59,getMe
FN:69,refreshToken
FN:83,getAllUsers
FN:84,(anonymous_11)
FN:86,(anonymous_12)
FN:91,searchUsers
FN:108,(anonymous_14)
FN:111,(anonymous_15)
FN:114,getMySentMessages
FN:116,(anonymous_17)
FN:118,(anonymous_18)
FN:123,getMyGroups
FN:125,(anonymous_20)
FN:126,(anonymous_21)
FN:132,changePassword
FN:139,(anonymous_23)
FN:146,(anonymous_24)
FN:152,(anonymous_25)
FN:155,(anonymous_26)
FN:164,forgotPassword
FN:175,(anonymous_28)
FN:185,(anonymous_29)
FN:195,(anonymous_30)
FN:206,(anonymous_31)
FN:210,resetPassword
FN:229,(anonymous_33)
FN:244,(anonymous_34)
FN:254,changeEmail
FN:255,(anonymous_36)
FN:260,(anonymous_37)
FN:263,(anonymous_38)
FN:269,(anonymous_39)
FN:274,editProfile
FN:275,(anonymous_41)
FN:280,(anonymous_42)
FN:283,(anonymous_43)
FN:289,(anonymous_44)
FN:294,deactivate
FN:317,(anonymous_46)
FN:323,(anonymous_47)
FN:326,(anonymous_48)
FNF:47
FNH:5
FNDA:4,signup
FNDA:2,(anonymous_3)
FNDA:2,(anonymous_4)
FNDA:3,signin
FNDA:3,(anonymous_6)
FNDA:0,(anonymous_7)
FNDA:0,getMe
FNDA:0,refreshToken
FNDA:0,getAllUsers
FNDA:0,(anonymous_11)
FNDA:0,(anonymous_12)
FNDA:0,searchUsers
FNDA:0,(anonymous_14)
FNDA:0,(anonymous_15)
FNDA:0,getMySentMessages
FNDA:0,(anonymous_17)
FNDA:0,(anonymous_18)
FNDA:0,getMyGroups
FNDA:0,(anonymous_20)
FNDA:0,(anonymous_21)
FNDA:0,changePassword
FNDA:0,(anonymous_23)
FNDA:0,(anonymous_24)
FNDA:0,(anonymous_25)
FNDA:0,(anonymous_26)
FNDA:0,forgotPassword
FNDA:0,(anonymous_28)
FNDA:0,(anonymous_29)
FNDA:0,(anonymous_30)
FNDA:0,(anonymous_31)
FNDA:0,resetPassword
FNDA:0,(anonymous_33)
FNDA:0,(anonymous_34)
FNDA:0,changeEmail
FNDA:0,(anonymous_36)
FNDA:0,(anonymous_37)
FNDA:0,(anonymous_38)
FNDA:0,(anonymous_39)
FNDA:0,editProfile
FNDA:0,(anonymous_41)
FNDA:0,(anonymous_42)
FNDA:0,(anonymous_43)
FNDA:0,(anonymous_44)
FNDA:0,deactivate
FNDA:0,(anonymous_46)
FNDA:0,(anonymous_47)
FNDA:0,(anonymous_48)
DA:1,1
DA:2,1
DA:3,1
DA:4,1
DA:7,1
DA:8,4
DA:9,4
DA:10,4
DA:16,2
DA:17,2
DA:22,2
DA:26,1
DA:27,3
DA:28,3
DA:29,3
DA:30,0
DA:34,3
DA:40,3
DA:41,0
DA:45,3
DA:46,1
DA:50,2
DA:51,2
DA:56,0
DA:59,1
DA:60,0
DA:61,0
DA:62,0
DA:66,0
DA:69,1
DA:70,0
DA:71,0
DA:72,0
DA:76,0
DA:77,0
DA:83,1
DA:84,0
DA:86,0
DA:91,1
DA:92,0
DA:93,0
DA:100,0
DA:101,0
DA:104,0
DA:105,0
DA:107,0
DA:108,0
DA:111,0
DA:114,1
DA:115,0
DA:116,0
DA:118,0
DA:123,1
DA:124,0
DA:125,0
DA:126,0
DA:127,0
DA:132,1
DA:133,0
DA:134,0
DA:135,0
DA:139,0
DA:140,0
DA:141,0
DA:145,0
DA:147,0
DA:148,0
DA:152,0
DA:156,0
DA:157,0
DA:164,1
DA:165,0
DA:166,0
DA:167,0
DA:172,0
DA:174,0
DA:176,0
DA:177,0
DA:181,0
DA:186,0
DA:187,0
DA:188,0
DA:194,0
DA:196,0
DA:197,0
DA:199,0
DA:206,0
DA:210,1
DA:211,0
DA:212,0
DA:213,0
DA:214,0
DA:215,0
DA:219,0
DA:220,0
DA:224,0
DA:230,0
DA:231,0
DA:235,0
DA:236,0
DA:240,0
DA:245,0
DA:246,0
DA:254,1
DA:255,0
DA:256,0
DA:257,0
DA:259,0
DA:260,0
DA:264,0
DA:265,0
DA:267,0
DA:269,0
DA:274,1
DA:275,0
DA:276,0
DA:277,0
DA:279,0
DA:280,0
DA:284,0
DA:285,0
DA:287,0
DA:289,0
DA:294,1
DA:295,0
DA:296,0
DA:297,0
DA:301,0
DA:302,0
DA:303,0
DA:307,0
DA:308,0
DA:312,0
DA:318,0
DA:319,0
DA:323,0
DA:326,0
LF:137
LH:33
BRDA:29,0,0,0
BRDA:29,0,1,3
BRDA:40,1,0,0
BRDA:40,1,1,3
BRDA:45,2,0,1
BRDA:45,2,1,2
BRDA:61,3,0,0
BRDA:61,3,1,0
BRDA:71,4,0,0
BRDA:71,4,1,0
BRDA:100,5,0,0
BRDA:100,5,1,0
BRDA:104,6,0,0
BRDA:104,6,1,0
BRDA:134,7,0,0
BRDA:134,7,1,0
BRDA:140,8,0,0
BRDA:140,8,1,0
BRDA:147,9,0,0
BRDA:147,9,1,0
BRDA:156,10,0,0
BRDA:156,10,1,0
BRDA:166,11,0,0
BRDA:166,11,1,0
BRDA:176,12,0,0
BRDA:176,12,1,0
BRDA:186,13,0,0
BRDA:186,13,1,0
BRDA:196,14,0,0
BRDA:196,14,1,0
BRDA:214,15,0,0
BRDA:214,15,1,0
BRDA:219,16,0,0
BRDA:219,16,1,0
BRDA:230,17,0,0
BRDA:230,17,1,0
BRDA:235,18,0,0
BRDA:235,18,1,0
BRDA:256,19,0,0
BRDA:256,19,1,0
BRDA:264,20,0,0
BRDA:264,20,1,0
BRDA:276,21,0,0
BRDA:276,21,1,0
BRDA:284,22,0,0
BRDA:284,22,1,0
BRDA:296,23,0,0
BRDA:296,23,1,0
BRDA:302,24,0,0
BRDA:302,24,1,0
BRDA:307,25,0,0
BRDA:307,25,1,0
BRDA:318,26,0,0
BRDA:318,26,1,0
BRF:54
BRH:4
end_of_record
TN:
SF:/Users/andeladeveloper/Documents/Code/bc-24-postit/server/middleware/authenticate.js
FN:12,(anonymous_2)
FN:16,(anonymous_3)
FNF:2
FNH:0
FNDA:0,(anonymous_2)
FNDA:0,(anonymous_3)
DA:1,1
DA:2,1
DA:6,4
DA:7,4
DA:8,4
DA:12,0
DA:13,0
DA:14,0
DA:16,0
DA:17,0
DA:18,0
DA:22,0
DA:23,0
LF:13
LH:5
BRDA:7,0,0,4
BRDA:7,0,1,0
BRDA:13,1,0,0
BRDA:13,1,1,0
BRDA:17,2,0,0
BRDA:17,2,1,0
BRF:6
BRH:1
end_of_record
TN:
SF:/Users/andeladeveloper/Documents/Code/bc-24-postit/server/middleware/isGroupMember.js
FN:10,(anonymous_1)
FN:19,(anonymous_2)
FN:20,(anonymous_3)
FN:21,(anonymous_4)
FN:28,(anonymous_5)
FNF:5
FNH:0
FNDA:0,(anonymous_1)
FNDA:0,(anonymous_2)
FNDA:0,(anonymous_3)
FNDA:0,(anonymous_4)
FNDA:0,(anonymous_5)
DA:1,1
DA:4,0
DA:5,0
DA:6,0
DA:10,0
DA:11,0
DA:12,0
DA:16,0
DA:20,0
DA:21,0
DA:22,0
DA:23,0
DA:27,0
DA:28,0
DA:29,0
DA:30,0
LF:16
LH:1
BRDA:5,0,0,0
BRDA:5,0,1,0
BRDA:11,1,0,0
BRDA:11,1,1,0
BRDA:22,2,0,0
BRDA:22,2,1,0
BRF:6
BRH:0
end_of_record
TN:
SF:/Users/andeladeveloper/Documents/Code/bc-24-postit/server/middleware/isTaken.js
FN:15,(anonymous_1)
FN:21,(anonymous_2)
FN:23,(anonymous_3)
FN:29,(anonymous_4)
FNF:4
FNH:2
FNDA:4,(anonymous_1)
FNDA:0,(anonymous_2)
FNDA:4,(anonymous_3)
FNDA:0,(anonymous_4)
DA:1,1
DA:4,4
DA:5,0
DA:8,4
DA:9,0
DA:13,4
DA:14,4
DA:15,4
DA:16,4
DA:17,1
DA:21,0
DA:23,4
DA:24,4
DA:25,1
DA:29,0
DA:33,4
LF:16
LH:12
BRDA:4,0,0,0
BRDA:4,0,1,4
BRDA:8,1,0,0
BRDA:8,1,1,4
BRDA:8,2,0,4
BRDA:8,2,1,4
BRDA:16,3,0,1
BRDA:16,3,1,3
BRDA:24,4,0,1
BRDA:24,4,1,3
BRF:10
BRH:8
end_of_record
TN:
SF:/Users/andeladeveloper/Documents/Code/bc-24-postit/server/middleware/isValidUsername.js
FNF:0
FNH:0
DA:2,7
DA:3,7
DA:4,0
DA:8,7
DA:9,7
DA:10,7
DA:11,7
DA:12,63
DA:13,0
DA:18,7
LF:10
LH:8
BRDA:3,0,0,0
BRDA:3,0,1,7
BRDA:12,1,0,0
BRDA:12,1,1,63
BRF:4
BRH:2
end_of_record
TN:
SF:/Users/andeladeveloper/Documents/Code/bc-24-postit/server/models/group.js
FN:21,(anonymous_1)
FNF:1
FNH:1
FNDA:1,(anonymous_1)
DA:2,1
DA:21,1
DA:23,1
DA:27,1
DA:32,1
LF:5
LH:5
BRF:0
BRH:0
end_of_record
TN:
SF:/Users/andeladeveloper/Documents/Code/bc-24-postit/server/models/index.js
FN:21,(anonymous_1)
FN:25,(anonymous_2)
FN:30,(anonymous_3)
FNF:3
FNH:3
FNDA:5,(anonymous_1)
FNDA:4,(anonymous_2)
FNDA:4,(anonymous_3)
DA:1,1
DA:2,1
DA:3,1
DA:4,1
DA:6,1
DA:7,1
DA:8,1
DA:9,1
DA:11,1
DA:12,1
DA:13,0
DA:15,1
DA:19,1
DA:21,5
DA:26,4
DA:27,4
DA:30,1
DA:31,4
DA:32,3
DA:36,1
DA:37,1
DA:39,1
LF:22
LH:21
BRDA:7,0,0,1
BRDA:7,0,1,0
BRDA:12,1,0,0
BRDA:12,1,1,1
BRDA:22,2,0,5
BRDA:22,2,1,5
BRDA:22,2,2,4
BRDA:31,3,0,3
BRDA:31,3,1,1
BRF:9
BRH:7
end_of_record
TN:
SF:/Users/andeladeveloper/Documents/Code/bc-24-postit/server/models/message.js
FN:20,(anonymous_1)
FN:29,(anonymous_2)
FNF:2
FNH:2
FNDA:1,(anonymous_1)
FNDA:14,(anonymous_2)
DA:2,1
DA:20,1
DA:22,1
DA:25,1
DA:29,1
DA:30,14
DA:31,14
DA:34,10
DA:36,4
DA:39,1
LF:10
LH:10
BRDA:31,0,0,10
BRDA:31,0,1,4
BRDA:31,1,0,14
BRDA:31,1,1,10
BRDA:31,1,2,7
BRF:5
BRH:5
end_of_record
TN:
SF:/Users/andeladeveloper/Documents/Code/bc-24-postit/server/models/user.js
FN:41,toJSON
FN:51,validPassword
FN:55,generateAuthToken
FN:64,(anonymous_5)
FN:69,(anonymous_6)
FN:76,(anonymous_7)
FNF:6
FNH:5
FNDA:5,toJSON
FNDA:5,validPassword
FNDA:4,generateAuthToken
FNDA:10,(anonymous_5)
FNDA:0,(anonymous_6)
FNDA:1,(anonymous_7)
DA:1,1
DA:2,1
DA:6,1
DA:41,1
DA:42,5
DA:43,5
DA:44,5
DA:45,5
DA:46,5
DA:51,1
DA:52,5
DA:55,1
DA:56,4
DA:57,4
DA:58,4
DA:60,4
DA:64,1
DA:65,10
DA:69,1
DA:70,0
DA:71,0
DA:76,1
DA:78,1
DA:82,1
DA:87,1
LF:25
LH:23
BRDA:70,0,0,0
BRDA:70,0,1,0
BRF:2
BRH:0
end_of_record
TN:
SF:/Users/andeladeveloper/Documents/Code/bc-24-postit/server/models/userGroup.js
FNF:0
FNH:0
DA:2,1
DA:12,1
LF:2
LH:2
BRF:0
BRH:0
end_of_record
TN:
SF:/Users/andeladeveloper/Documents/Code/bc-24-postit/server/routes/index.js
FN:8,(anonymous_2)
FN:9,(anonymous_3)
FNF:2
FNH:1
FNDA:1,(anonymous_2)
FNDA:0,(anonymous_3)
DA:1,1
DA:2,1
DA:3,1
DA:4,1
DA:5,1
DA:6,1
DA:8,1
DA:9,1
DA:26,1
DA:29,1
DA:32,1
DA:34,1
DA:36,1
DA:38,1
DA:40,1
DA:42,1
DA:45,1
DA:48,1
DA:50,1
DA:54,1
DA:56,1
DA:59,1
DA:62,1
DA:65,1
DA:68,1
DA:71,1
DA:74,1
DA:77,1
DA:80,1
DA:83,1
DA:86,1
DA:90,1
DA:91,1
LF:33
LH:33
BRF:0
BRH:0
end_of_record
TN:
SF:/Users/andeladeveloper/Documents/Code/bc-24-postit/server/test/seeders/seed.js
FNF:0
FNH:0
DA:1,1
DA:2,1
DA:4,1
LF:3
LH:3
BRF:0
BRH:0
end_of_record
TN:
SF:/Users/andeladeveloper/Documents/Code/bc-24-postit/server/test/seeders/testHooks.js
FN:4,doBeforeAll
FN:5,(anonymous_2)
FN:33,doBeforeEach
FN:34,(anonymous_4)
FN:40,populateUsers
FNF:5
FNH:4
FNDA:2,doBeforeAll
FNDA:2,(anonymous_2)
FNDA:1,doBeforeEach
FNDA:4,(anonymous_4)
FNDA:0,populateUsers
DA:1,1
DA:2,1
DA:4,1
DA:5,2
DA:6,2
DA:12,2
DA:18,2
DA:24,2
DA:29,2
DA:33,1
DA:34,1
DA:35,4
DA:36,4
DA:40,1
DA:41,0
LF:15
LH:14
BRF:0
BRH:0
end_of_record
